#
# A fatal error has been detected by the Java Runtime Environment:
#
#  Internal Error (javaClasses.cpp:129), pid=60, tid=8068
#  fatal error: Invalid layout of preloaded class
#
# JRE version: 7.0_07-b11
# Java VM: Java HotSpot(TM) Client VM (23.3-b01 mixed mode windows-x86 )
# Failed to write core dump. Minidumps are not enabled by default on client versions of Windows
#
# If you would like to submit a bug report, please visit:
#   http://bugreport.sun.com/bugreport/crash.jsp
#

---------------  T H R E A D  ---------------

Current thread (0x00e2a400):  JavaThread "Unknown thread" [_thread_in_vm, id=8068, stack(0x00db0000,0x00e00000)]

Stack: [0x00db0000,0x00e00000],  sp=0x00dff890,  free space=318k
Native frames: (J=compiled Java code, j=interpreted, Vv=VM code, C=native code)
V  [jvm.dll+0x16f2f1]
V  [jvm.dll+0x169496]
V  [jvm.dll+0x2082f]
V  [jvm.dll+0x208b6]
V  [jvm.dll+0x2e64d]
V  [jvm.dll+0x2e8f9]
V  [jvm.dll+0x77d01]
V  [jvm.dll+0x780bb]
V  [jvm.dll+0x1290e1]
V  [jvm.dll+0x149b8a]
V  [jvm.dll+0xa997f]
C  [javaw.exe+0x1359]
C  [javaw.exe+0x1dbb]
C  [javaw.exe+0xa0eb]
C  [javaw.exe+0xa175]
C  [KERNEL32.DLL+0x1866]  BaseThreadInitThunk+0x12
C  [ntdll.dll+0x368f1]  LdrInitializeThunk+0x1a3
C  [ntdll.dll+0x3689d]  LdrInitializeThunk+0x14f


---------------  P R O C E S S  ---------------

Java Threads: ( => current thread )

Other Threads:

=>0x00e2a400 (exited) JavaThread "Unknown thread" [_thread_in_vm, id=8068, stack(0x00db0000,0x00e00000)]

VM state:not at safepoint (not fully initialized)

VM Mutex/Monitor currently owned by a thread: None

GC Heap History (0 events):
No events

Deoptimization events (0 events):
No events

Internal exceptions (0 events):
No events

Events (10 events):
Event: 0.011 loading class 0x01bb3c00 done
Event: 0.011 loading class 0x01b94ac8 done
Event: 0.011 loading class 0x01b94dc0
Event: 0.011 loading class 0x01bb6170
Event: 0.012 loading class 0x01bb6170 done
Event: 0.012 loading class 0x01bb6560
Event: 0.012 loading class 0x01bb6560 done
Event: 0.012 loading class 0x01bfeca8
Event: 0.012 loading class 0x01bfeca8 done
Event: 0.012 loading class 0x01b94dc0 done


Dynamic libraries:
0x00ca0000 - 0x00ccf000 	D:\eclipse\jre\bin\javaw.exe
0x77970000 - 0x77ad7000 	C:\Windows\SYSTEM32\ntdll.dll
0x76e20000 - 0x76f18000 	C:\Windows\system32\KERNEL32.DLL
0x747f0000 - 0x748ad000 	C:\Windows\system32\KERNELBASE.dll
0x749b0000 - 0x74a5e000 	C:\Windows\system32\ADVAPI32.dll
0x769d0000 - 0x76af1000 	C:\Windows\system32\USER32.dll
0x72dd0000 - 0x72fc7000 	C:\Windows\WinSxS\x86_microsoft.windows.common-controls_6595b64144ccf1df_6.0.9200.16384_none_893961408605e985\COMCTL32.dll
0x74cd0000 - 0x74d81000 	C:\Windows\system32\msvcrt.dll
0x76060000 - 0x76094000 	C:\Windows\SYSTEM32\sechost.dll
0x74b70000 - 0x74c42000 	C:\Windows\system32\RPCRT4.dll
0x74a60000 - 0x74b6a000 	C:\Windows\system32\GDI32.dll
0x76340000 - 0x7636b000 	C:\Windows\system32\IMM32.DLL
0x75f80000 - 0x7605d000 	C:\Windows\system32\MSCTF.dll
0x56410000 - 0x564ce000 	D:\eclipse\jre\bin\msvcr100.dll
0x65540000 - 0x6588c000 	D:\eclipse\jre\bin\client\jvm.dll
0x6dfd0000 - 0x6dfd8000 	C:\Windows\SYSTEM32\WSOCK32.dll
0x6e350000 - 0x6e371000 	C:\Windows\SYSTEM32\WINMM.dll
0x76530000 - 0x76536000 	C:\Windows\system32\PSAPI.DLL
0x76370000 - 0x763c0000 	C:\Windows\system32\WS2_32.dll
0x6e280000 - 0x6e2aa000 	C:\Windows\SYSTEM32\WINMMBASE.dll
0x76540000 - 0x76548000 	C:\Windows\system32\NSI.dll
0x721a0000 - 0x721ac000 	D:\eclipse\jre\bin\verify.dll
0x6d600000 - 0x6d620000 	D:\eclipse\jre\bin\java.dll
0x6d5e0000 - 0x6d5f3000 	D:\eclipse\jre\bin\zip.dll
0x6b690000 - 0x6b7b9000 	C:\Windows\SYSTEM32\dbghelp.dll

VM Arguments:
jvm_args: -Dfile.encoding=Cp1252 -Xbootclasspath:D:\android-sdk\platforms\android-16\android.jar 
java_command: com.nennig.vulcan.tech.gospel.SingletonPoiObj
Launcher Type: SUN_STANDARD

Environment Variables:
PATH=D:/eclipse/jre/bin/client;D:/eclipse/jre/bin;D:/eclipse/jre/lib/i386;C:\Windows\system32;C:\Windows;C:\Windows\System32\Wbem;C:\Windows\System32\WindowsPowerShell\v1.0\;C:\Program Files\Windows Kits\8.0\Windows Performance Toolkit\;C:\Program Files\Microsoft SQL Server\80\Tools\Binn\;C:\Users\Kevin\AppData\Local\Smartbar\Application\;D:\eclipse;
USERNAME=Kevin
OS=Windows_NT
PROCESSOR_IDENTIFIER=x86 Family 6 Model 23 Stepping 10, GenuineIntel



---------------  S Y S T E M  ---------------

OS: Windows 8 Build 9200 

CPU:total 2 (2 cores per cpu, 1 threads per core) family 6 model 23 stepping 10, cmov, cx8, fxsr, mmx, sse, sse2, sse3, ssse3, sse4.1, tsc

Memory: 4k page, physical 2084760k(560628k free), swap 5033928k(720760k free)

vm_info: Java HotSpot(TM) Client VM (23.3-b01) for windows-x86 JRE (1.7.0_07-b11), built on Sep  7 2012 01:40:56 by "java_re" with unknown MS VC++:1600

time: Wed Apr 03 19:16:15 2013
elapsed time: 0 seconds

