#
# A fatal error has been detected by the Java Runtime Environment:
#
#  Internal Error (javaClasses.cpp:129), pid=4616, tid=5160
#  fatal error: Invalid layout of preloaded class
#
# JRE version: 7.0_07-b11
# Java VM: Java HotSpot(TM) Client VM (23.3-b01 mixed mode windows-x86 )
# Failed to write core dump. Minidumps are not enabled by default on client versions of Windows
#
# If you would like to submit a bug report, please visit:
#   http://bugreport.sun.com/bugreport/crash.jsp
#

---------------  T H R E A D  ---------------

Current thread (0x015da800):  JavaThread "Unknown thread" [_thread_in_vm, id=5160, stack(0x00730000,0x00780000)]

Stack: [0x00730000,0x00780000],  sp=0x0077f800,  free space=318k
Native frames: (J=compiled Java code, j=interpreted, Vv=VM code, C=native code)
V  [jvm.dll+0x16f2f1]
V  [jvm.dll+0x169496]
V  [jvm.dll+0x2082f]
V  [jvm.dll+0x208b6]
V  [jvm.dll+0x2e64d]
V  [jvm.dll+0x2e8f9]
V  [jvm.dll+0x77d01]
V  [jvm.dll+0x780bb]
V  [jvm.dll+0x1290e1]
V  [jvm.dll+0x149b8a]
V  [jvm.dll+0xa997f]
C  [javaw.exe+0x1359]
C  [javaw.exe+0x1dbb]
C  [javaw.exe+0xa0eb]
C  [javaw.exe+0xa175]
C  [KERNEL32.DLL+0x1866]  BaseThreadInitThunk+0x12
C  [ntdll.dll+0x368f1]  LdrInitializeThunk+0x1a3
C  [ntdll.dll+0x3689d]  LdrInitializeThunk+0x14f


---------------  P R O C E S S  ---------------

Java Threads: ( => current thread )

Other Threads:

=>0x015da800 (exited) JavaThread "Unknown thread" [_thread_in_vm, id=5160, stack(0x00730000,0x00780000)]

VM state:not at safepoint (not fully initialized)

VM Mutex/Monitor currently owned by a thread: None

GC Heap History (0 events):
No events

Deoptimization events (0 events):
No events

Internal exceptions (0 events):
No events

Events (10 events):
Event: 0.155 loading class 0x016f3ed0 done
Event: 0.156 loading class 0x016d53c8 done
Event: 0.156 loading class 0x016d50a8
Event: 0.156 loading class 0x016f7370
Event: 0.170 loading class 0x016f7370 done
Event: 0.170 loading class 0x016f73e0
Event: 0.170 loading class 0x016f73e0 done
Event: 0.170 loading class 0x0173ece8
Event: 0.170 loading class 0x0173ece8 done
Event: 0.170 loading class 0x016d50a8 done


Dynamic libraries:
0x00360000 - 0x0038f000 	D:\eclipse\jre\bin\javaw.exe
0x776b0000 - 0x77817000 	C:\Windows\SYSTEM32\ntdll.dll
0x76980000 - 0x76a78000 	C:\Windows\system32\KERNEL32.DLL
0x74500000 - 0x745bd000 	C:\Windows\system32\KERNELBASE.dll
0x74ec0000 - 0x74f6e000 	C:\Windows\system32\ADVAPI32.dll
0x74980000 - 0x74aa1000 	C:\Windows\system32\USER32.dll
0x728e0000 - 0x72ad7000 	C:\Windows\WinSxS\x86_microsoft.windows.common-controls_6595b64144ccf1df_6.0.9200.16384_none_893961408605e985\COMCTL32.dll
0x748c0000 - 0x74971000 	C:\Windows\system32\msvcrt.dll
0x751d0000 - 0x75204000 	C:\Windows\SYSTEM32\sechost.dll
0x764a0000 - 0x76572000 	C:\Windows\system32\RPCRT4.dll
0x766c0000 - 0x767ca000 	C:\Windows\system32\GDI32.dll
0x76c30000 - 0x76c5b000 	C:\Windows\system32\IMM32.DLL
0x74c50000 - 0x74d2d000 	C:\Windows\system32\MSCTF.dll
0x652e0000 - 0x6539e000 	D:\eclipse\jre\bin\msvcr100.dll
0x6e010000 - 0x6e35c000 	D:\eclipse\jre\bin\client\jvm.dll
0x6e760000 - 0x6e768000 	C:\Windows\SYSTEM32\WSOCK32.dll
0x6e460000 - 0x6e481000 	C:\Windows\SYSTEM32\WINMM.dll
0x751c0000 - 0x751c6000 	C:\Windows\system32\PSAPI.DLL
0x74db0000 - 0x74e00000 	C:\Windows\system32\WS2_32.dll
0x6e3c0000 - 0x6e3ea000 	C:\Windows\SYSTEM32\WINMMBASE.dll
0x751b0000 - 0x751b8000 	C:\Windows\system32\NSI.dll
0x6f600000 - 0x6f60c000 	D:\eclipse\jre\bin\verify.dll
0x6ebe0000 - 0x6ec00000 	D:\eclipse\jre\bin\java.dll
0x6ec30000 - 0x6ec5a000 	D:\eclipse\jre\bin\jdwp.dll
0x6ec00000 - 0x6ec07000 	D:\eclipse\jre\bin\npt.dll
0x6cf30000 - 0x6cf43000 	D:\eclipse\jre\bin\zip.dll
0x65100000 - 0x65229000 	C:\Windows\SYSTEM32\dbghelp.dll

VM Arguments:
jvm_args: -agentlib:jdwp=transport=dt_socket,suspend=y,address=localhost:51923 -Dfile.encoding=Cp1252 -Xbootclasspath:D:\android-sdk\platforms\android-16\android.jar 
java_command: com.nennig.vtglibrary.managers.SingletonPoiMoveMap
Launcher Type: SUN_STANDARD

Environment Variables:
PATH=D:\eclipse\jre\bin;D:/eclipse/jre/bin/client;D:/eclipse/jre/bin;D:/eclipse/jre/lib/i386;C:\Windows\system32;C:\Windows;C:\Windows\System32\Wbem;C:\Windows\System32\WindowsPowerShell\v1.0\;C:\Program Files\Windows Kits\8.0\Windows Performance Toolkit\;C:\Program Files\Microsoft SQL Server\80\Tools\Binn\;C:\Users\Kevin\AppData\Local\Smartbar\Application\;D:\eclipse;
USERNAME=Kevin
OS=Windows_NT
PROCESSOR_IDENTIFIER=x86 Family 6 Model 23 Stepping 10, GenuineIntel



---------------  S Y S T E M  ---------------

OS: Windows 8 Build 9200 

CPU:total 2 (2 cores per cpu, 1 threads per core) family 6 model 23 stepping 10, cmov, cx8, fxsr, mmx, sse, sse2, sse3, ssse3, sse4.1, tsc

Memory: 4k page, physical 2084760k(343132k free), swap 4839556k(1102932k free)

vm_info: Java HotSpot(TM) Client VM (23.3-b01) for windows-x86 JRE (1.7.0_07-b11), built on Sep  7 2012 01:40:56 by "java_re" with unknown MS VC++:1600

time: Tue Apr 09 23:27:50 2013
elapsed time: 0 seconds

